<?xml version="1.0" encoding="UTF-8"?>
<!-- Generated by org.testng.reporters.JUnitXMLReporter -->
<testsuite hostname="DESKTOP-3R73L8V" ignored="0" name="Default test" tests="3" failures="0" timestamp="2020-11-16T07:19:08 IST" time="4.472" errors="0">
  <testcase name="testSingleFileUpload" time="3.806" classname="files.FileUploadandDownload"/>
  <testcase name="testMultipleFilesUpload" time="0.538" classname="files.FileUploadandDownload"/>
  <testcase name="testFileDownload" time="0.047" classname="files.FileUploadandDownload"/>
</testsuite> <!-- Default test -->
