<?xml version="1.0" encoding="UTF-8"?>
<!-- Generated by org.testng.reporters.JUnitXMLReporter -->
<testsuite hostname="DESKTOP-3R73L8V" ignored="0" name="Test" tests="6" failures="0" timestamp="17 Nov 2020 01:48:41 GMT" time="5.07" errors="0">
  <testcase name="getSingleUserData" time="3.805" classname="fakeAPITestcases.Get_Request"/>
  <testcase name="postUser" time="0.659" classname="fakeAPITestcases.Post_Request"/>
  <testcase name="postUser" time="0.173" classname="fakeAPITestcases.Put_Request"/>
  <testcase name="getSingleUserData" time="0.087" classname="fakeAPITestcases.Delete_Request"/>
  <testcase name="testCookies" time="0.137" classname="headersandcookies.ValidateCookies"/>
  <testcase name="testHeaders" time="0.168" classname="headersandcookies.ValidateHeaders"/>
</testsuite> <!-- Test -->
