<?xml version="1.0" encoding="UTF-8"?>
<testsuite xmlns:xsi="http://www.w3.org/2001/XMLSchema-instance" xsi:noNamespaceSchemaLocation="https://maven.apache.org/surefire/maven-surefire-plugin/xsd/surefire-test-report-3.0.xsd" version="3.0" name="TestSuite" time="7.306" tests="6" errors="0" skipped="0" failures="0">
  <properties>
[...]
</properties>
  <testcase name="getSingleUserData" classname="fakeAPITestcases.Get_Request" time="3.895"/>
  <testcase name="postUser" classname="fakeAPITestcases.Post_Request" time="0.617"/>
  <testcase name="postUser" classname="fakeAPITestcases.Put_Request" time="0.201"/>
  <testcase name="getSingleUserData" classname="fakeAPITestcases.Delete_Request" time="0.028"/>
  <testcase name="testCookies" classname="headersandcookies.ValidateCookies" time="0.227"/>
  <testcase name="testHeaders" classname="headersandcookies.ValidateHeaders" time="0.292"/>
</testsuite>